<?xml version="1.0" encoding="UTF-8"?>
<!-- Generated by org.testng.reporters.JUnitXMLReporter -->
<testsuite hostname="Aditya" ignored="0" name="twitter api test" tests="5" failures="0" timestamp="2020-12-24T11:35:58 IST" time="13.483" errors="0">
  <testcase name="userTimeLine" time="3.42" classname="com.letKodeIt.statuses.usertimelinetest"/>
  <testcase name="userTimeLine2" time="1.666" classname="com.letKodeIt.statuses.usertimelinetest"/>
  <testcase name="postTweet" time="1.032" classname="com.letKodeIt.statuses.TwitterEndToEndWorkflow"/>
  <testcase name="readTweet" time="1.852" classname="com.letKodeIt.statuses.TwitterEndToEndWorkflow"/>
  <testcase name="deleteTweet" time="4.059" classname="com.letKodeIt.statuses.TwitterEndToEndWorkflow"/>
</testsuite> <!-- twitter api test -->
