<?xml version="1.0" encoding="UTF-8"?>
<!-- Generated by org.testng.reporters.JUnitXMLReporter -->
<testsuite hostname="Aditya" ignored="0" name="Default test" tests="3" failures="0" timestamp="2020-12-23T02:13:21 IST" time="6.779" errors="0">
  <testcase name="postTweet" time="3.627" classname="com.letKodeIt.statuses.TwitterEndToEndWorkflowFrameWork"/>
  <testcase name="readTweet" time="1.615" classname="com.letKodeIt.statuses.TwitterEndToEndWorkflowFrameWork"/>
  <testcase name="deleteTweet" time="0.613" classname="com.letKodeIt.statuses.TwitterEndToEndWorkflowFrameWork"/>
</testsuite> <!-- Default test -->
