<?xml version="1.0" encoding="UTF-8"?>
<testng-results skipped="0" failed="0" ignored="0" total="5" passed="5">
  <reporter-output>
  </reporter-output>
  <suite name="regression test" duration-ms="13483" started-at="2020-12-24T11:35:44 IST" finished-at="2020-12-24T11:35:58 IST">
    <groups>
    </groups>
    <test name="twitter api test" duration-ms="13483" started-at="2020-12-24T11:35:44 IST" finished-at="2020-12-24T11:35:58 IST">
      <class name="com.letKodeIt.statuses.TwitterEndToEndWorkflow">
        <test-method status="PASS" signature="setup()[pri:0, instance:com.letKodeIt.statuses.TwitterEndToEndWorkflow@731a74c]" name="setup" is-config="true" duration-ms="1" started-at="2020-12-24T11:35:51 IST" finished-at="2020-12-24T11:35:51 IST">
          <reporter-output>
          </reporter-output>
        </test-method> <!-- setup -->
        <test-method status="PASS" signature="postTweet()[pri:0, instance:com.letKodeIt.statuses.TwitterEndToEndWorkflow@731a74c]" name="postTweet" duration-ms="1032" started-at="2020-12-24T11:35:51 IST" finished-at="2020-12-24T11:35:52 IST">
          <reporter-output>
          </reporter-output>
        </test-method> <!-- postTweet -->
        <test-method status="PASS" signature="readTweet()[pri:0, instance:com.letKodeIt.statuses.TwitterEndToEndWorkflow@731a74c]" name="readTweet" duration-ms="1852" started-at="2020-12-24T11:35:52 IST" depends-on-methods="com.letKodeIt.statuses.TwitterEndToEndWorkflow.postTweet" finished-at="2020-12-24T11:35:54 IST">
          <reporter-output>
          </reporter-output>
        </test-method> <!-- readTweet -->
        <test-method status="PASS" signature="deleteTweet()[pri:0, instance:com.letKodeIt.statuses.TwitterEndToEndWorkflow@731a74c]" name="deleteTweet" duration-ms="4059" started-at="2020-12-24T11:35:54 IST" depends-on-methods="com.letKodeIt.statuses.TwitterEndToEndWorkflow.readTweet" finished-at="2020-12-24T11:35:58 IST">
          <reporter-output>
          </reporter-output>
        </test-method> <!-- deleteTweet -->
      </class> <!-- com.letKodeIt.statuses.TwitterEndToEndWorkflow -->
      <class name="com.letKodeIt.statuses.usertimelinetest">
        <test-method status="PASS" signature="beforeClass()[pri:0, instance:com.letKodeIt.statuses.usertimelinetest@4b4523f8]" name="beforeClass" is-config="true" duration-ms="1380" started-at="2020-12-24T11:35:44 IST" finished-at="2020-12-24T11:35:46 IST">
          <reporter-output>
          </reporter-output>
        </test-method> <!-- beforeClass -->
        <test-method status="PASS" signature="userTimeLine()[pri:0, instance:com.letKodeIt.statuses.usertimelinetest@4b4523f8]" name="userTimeLine" duration-ms="3420" started-at="2020-12-24T11:35:46 IST" finished-at="2020-12-24T11:35:49 IST">
          <reporter-output>
          </reporter-output>
        </test-method> <!-- userTimeLine -->
        <test-method status="PASS" signature="userTimeLine2()[pri:0, instance:com.letKodeIt.statuses.usertimelinetest@4b4523f8]" name="userTimeLine2" duration-ms="1666" started-at="2020-12-24T11:35:49 IST" finished-at="2020-12-24T11:35:51 IST">
          <reporter-output>
          </reporter-output>
        </test-method> <!-- userTimeLine2 -->
      </class> <!-- com.letKodeIt.statuses.usertimelinetest -->
    </test> <!-- twitter api test -->
  </suite> <!-- regression test -->
</testng-results>
