<?xml version="1.0" encoding="UTF-8"?>
<testsuite xmlns:xsi="http://www.w3.org/2001/XMLSchema-instance" xsi:noNamespaceSchemaLocation="https://maven.apache.org/surefire/maven-surefire-plugin/xsd/surefire-test-report-3.0.xsd" version="3.0" name="TestSuite" time="15.073" tests="5" errors="0" skipped="0" failures="0">
  <properties>
[...]
</properties>
  <testcase name="userTimeLine" classname="com.letKodeIt.statuses.usertimelinetest" time="3.552">
    <system-out><![CDATA[HTTP/1.1 200 OK
cache-control: no-cache, no-store, must-revalidate, pre-check=0, post-check=0
content-disposition: attachment; filename=json.json
content-encoding: gzip
content-length: 28
content-type: application/json;charset=utf-8
date: Thu, 24 Dec 2020 06:05:50 GMT
expires: Tue, 31 Mar 1981 05:00:00 GMT
last-modified: Thu, 24 Dec 2020 06:05:50 GMT
pragma: no-cache
server: tsa_k
set-cookie: personalization_id="v1_X35vWEJsNT78gdYpOIdzsA=="; Max-Age=63072000; Expires=Sat, 24 Dec 2022 06:05:50 GMT; Path=/; Domain=.twitter.com; Secure; SameSite=None
set-cookie: lang=en; Path=/
set-cookie: guest_id=v1%3A160878995026423429; Max-Age=63072000; Expires=Sat, 24 Dec 2022 06:05:50 GMT; Path=/; Domain=.twitter.com; Secure; SameSite=None
status: 200 OK
strict-transport-security: max-age=631138519
x-access-level: read-write
x-app-rate-limit-limit: 100000
x-app-rate-limit-remaining: 99995
x-app-rate-limit-reset: 1608875800
x-connection-hash: 41b182409cd6d77e8a64ede2b8fd3a80
x-content-type-options: nosniff
x-frame-options: SAMEORIGIN
x-rate-limit-limit: 900
x-rate-limit-remaining: 895
x-rate-limit-reset: 1608790300
x-response-time: 193
x-transaction: 008571cd00c1179f
x-twitter-response-tags: BouncerCompliant
x-xss-protection: 0

[
    
]
]]></system-out>
  </testcase>
  <testcase name="userTimeLine2" classname="com.letKodeIt.statuses.usertimelinetest" time="1.716">
    <system-out><![CDATA[HTTP/1.1 200 OK
cache-control: no-cache, no-store, must-revalidate, pre-check=0, post-check=0
content-disposition: attachment; filename=json.json
content-encoding: gzip
content-length: 28
content-type: application/json;charset=utf-8
date: Thu, 24 Dec 2020 06:05:51 GMT
expires: Tue, 31 Mar 1981 05:00:00 GMT
last-modified: Thu, 24 Dec 2020 06:05:51 GMT
pragma: no-cache
server: tsa_k
set-cookie: personalization_id="v1_N0wglzXk9k0tzwUyUgDNtg=="; Max-Age=63072000; Expires=Sat, 24 Dec 2022 06:05:51 GMT; Path=/; Domain=.twitter.com; Secure; SameSite=None
set-cookie: lang=en; Path=/
set-cookie: guest_id=v1%3A160878995137896319; Max-Age=63072000; Expires=Sat, 24 Dec 2022 06:05:51 GMT; Path=/; Domain=.twitter.com; Secure; SameSite=None
status: 200 OK
strict-transport-security: max-age=631138519
x-access-level: read-write
x-app-rate-limit-limit: 100000
x-app-rate-limit-remaining: 99994
x-app-rate-limit-reset: 1608875800
x-connection-hash: aa05341e3dbf6cd2da6dcfee6acc4829
x-content-type-options: nosniff
x-frame-options: SAMEORIGIN
x-rate-limit-limit: 900
x-rate-limit-remaining: 894
x-rate-limit-reset: 1608790300
x-response-time: 196
x-transaction: 004ec4050027bfc4
x-twitter-response-tags: BouncerCompliant
x-xss-protection: 0

[
    
]
]]></system-out>
  </testcase>
  <testcase name="postTweet" classname="com.letKodeIt.statuses.TwitterEndToEndWorkflow" time="0.862">
    <system-out><![CDATA[The response.path: 1341988446236110850
]]></system-out>
  </testcase>
  <testcase name="readTweet" classname="com.letKodeIt.statuses.TwitterEndToEndWorkflow" time="1.854">
    <system-out><![CDATA[The tweet text is: My First Tweet
]]></system-out>
  </testcase>
  <testcase name="deleteTweet" classname="com.letKodeIt.statuses.TwitterEndToEndWorkflow" time="4.06"/>
</testsuite>