<?xml version="1.0" encoding="UTF-8"?>
<!-- Generated by org.testng.reporters.JUnitXMLReporter -->
<testsuite hostname="Aditya" ignored="0" name="twitter api test" tests="5" failures="0" timestamp="2020-12-24T11:29:40 IST" time="9.447" errors="0">
  <testcase name="userTimeLine" time="2.879" classname="com.letKodeIt.statuses.usertimelinetest"/>
  <testcase name="userTimeLine2" time="1.892" classname="com.letKodeIt.statuses.usertimelinetest"/>
  <testcase name="postTweet" time="2.256" classname="com.letKodeIt.statuses.TwitterEndToEndWorkflow"/>
  <testcase name="readTweet" time="0.653" classname="com.letKodeIt.statuses.TwitterEndToEndWorkflow"/>
  <testcase name="deleteTweet" time="0.78" classname="com.letKodeIt.statuses.TwitterEndToEndWorkflow"/>
</testsuite> <!-- twitter api test -->
